2015-07-10 14:05:21.425631
2015-07-10 16:41:10.764142
last YM in month table: '201507', last rawdata YM: '201507'
waiting
go on
2015-07-10 17:12:13.361383
2015-07-10 22:57:13.898558
last YM in month table: '201507', last rawdata YM: '201507'
waiting
go on
2015-07-10 23:26:33.149763
2015-07-11 03:30:08.772834
last YM in month table: '201507', last rawdata YM: '201507'
waiting
go on
2015-07-11 04:00:36.605377
2015-07-11 08:05:47.825993
last YM in month table: '201507', last rawdata YM: '201507'
waiting
go on
2015-07-11 08:18:31.496275
2015-07-11 09:01:17.540420
last YM in month table: '201507', last rawdata YM: '201507'
waiting
go on
2015-07-11 09:31:15.255702
2015-07-11 13:22:42.161290
last YM in month table: '201507', last rawdata YM: '201507'
waiting
go on
2015-07-11 13:52:11.207258
2015-07-11 17:45:44.305788
last YM in month table: '201507', last rawdata YM: '201507'
waiting
go on
2015-07-11 17:47:11.434535
2015-07-11 17:51:06.162890
last YM in month table: '201507', last rawdata YM: '201507'
waiting
go on
2015-07-11 18:03:54.633796
2015-07-11 18:37:10.859070
last YM in month table: '201507', last rawdata YM: '201507'
waiting
go on
2015-07-11 18:50:17.347872
2015-07-11 19:16:00.506568
last YM in month table: '201507', last rawdata YM: '201507'
waiting
go on
MySQL Error [1205]: Lock wait timeout exceeded; try restarting transaction
2015-07-11 19:46:59.265682
2015-07-11 22:34:56.379556
last YM in month table: '201507', last rawdata YM: '201507'
waiting
go on
2015-07-11 23:09:04.397299
2015-07-12 03:02:11.053073
last YM in month table: '201507', last rawdata YM: '201507'
waiting
